<?xml version="1.0" encoding="utf-8"?><testsuites><testsuite name="pytest" errors="0" failures="0" skipped="1" tests="3" time="0.165" timestamp="2022-11-09T17:38:23.015342" hostname="mydifferenthostname"><testcase classname="plan_execute.test.test_copyright" name="test_copyright" time="0.000"><skipped type="pytest.skip" message="No copyright header has been placed in the generated source file.">/home/yh6917/ME495/src/hw3group-jengabells/plan_execute/test/test_copyright.py:20: No copyright header has been placed in the generated source file.</skipped></testcase><testcase classname="plan_execute.test.test_flake8" name="test_flake8" time="0.087" /><testcase classname="plan_execute.test.test_pep257" name="test_pep257" time="0.027" /></testsuite></testsuites>