[1m============================= test session starts ==============================[0m
platform linux -- Python 3.10.6, pytest-6.2.5, py-1.10.0, pluggy-0.13.0
cachedir: /home/yh6917/ME495/src/hw3group-jengabells/build/plan_execute/.pytest_cache
rootdir: /home/yh6917/ME495/src/hw3group-jengabells/plan_execute
plugins: ament-xmllint-0.12.4, ament-lint-0.12.4, ament-flake8-0.12.4, launch-testing-ros-0.19.3, ament-copyright-0.12.4, ament-pep257-0.12.4, launch-testing-1.0.2, colcon-core-0.10.0, cov-3.0.0
[1mcollecting ... [0m[1m
collected 3 items                                                              [0m

test/test_copyright.py [33ms[0m[32m                                                 [ 33%][0m
test/test_flake8.py [31mF[0m[31m                                                    [ 66%][0m
test/test_pep257.py [32m.[0m[31m                                                    [100%][0m

=================================== FAILURES ===================================
[31m[1m_________________________________ test_flake8 __________________________________[0m
[1m[31mtest/test_flake8.py[0m:23: in test_flake8
    [94massert[39;49;00m rc == [94m0[39;49;00m, \
[1m[31mE   AssertionError: Found 3 code style errors / warnings:[0m
[1m[31mE     ./plan_execute/simple_move.py:67:1: W293 blank line contains whitespace[0m
[1m[31mE     ./plan_execute/simple_move.py:76:23: E225 missing whitespace around operator[0m
[1m[31mE     ./plan_execute/simple_move.py:80:37: W291 trailing whitespace[0m
[1m[31mE   assert 1 == 0[0m
----------------------------- Captured stdout call -----------------------------

./plan_execute/simple_move.py:67:1: W293 blank line contains whitespace
    
^

./plan_execute/simple_move.py:76:23: E225 missing whitespace around operator
            if self.ct==100:
                      ^

./plan_execute/simple_move.py:80:37: W291 trailing whitespace
        if self.state == State.CALL: 
                                    ^

1     E225 missing whitespace around operator
1     W291 trailing whitespace
1     W293 blank line contains whitespace

8 files checked
3 errors

'E'-type errors: 1
'W'-type errors: 2

Checked files:

* ./setup.py
* ./plan_execute/__init__.py
* ./plan_execute/plan_and_execute.py
* ./plan_execute/simple_move.py
* ./launch/simple_move.launch.py
* ./test/test_copyright.py
* ./test/test_flake8.py
* ./test/test_pep257.py
----------------------------- Captured stderr call -----------------------------
option --max-complexity: please update from optparse string `type=` to argparse callable `type=` -- this will be an error in the future
- generated xml file: /home/yh6917/ME495/src/hw3group-jengabells/build/plan_execute/pytest.xml -
[33m=============================== warnings summary ===============================[0m
test/test_flake8.py::test_flake8
test/test_flake8.py::test_flake8
  Warning: SelectableGroups dict interface is deprecated. Use select.

-- Docs: https://docs.pytest.org/en/stable/warnings.html
=========================== short test summary info ============================
FAILED test/test_flake8.py::test_flake8 - AssertionError: Found 3 code style ...
[31m============== [31m[1m1 failed[0m, [32m1 passed[0m, [33m1 skipped[0m, [33m2 warnings[0m[31m in 0.20s[0m[31m ==============[0m
